{"C:\\Users\\Anukosan\\fullstack-test-app\\backend-test-app\\src\\auth\\auth.controller.ts": {"path":"C:\\Users\\Anukosan\\fullstack-test-app\\backend-test-app\\src\\auth\\auth.controller.ts","statementMap":{"0":{"start":{"line":1,"column":0},"end":{"line":1,"column":null}},"1":{"start":{"line":8,"column":0},"end":{"line":8,"column":91}},"2":{"start":{"line":9,"column":0},"end":{"line":9,"column":55}},"3":{"start":{"line":10,"column":0},"end":{"line":10,"column":45}},"4":{"start":{"line":11,"column":0},"end":{"line":11,"column":57}},"5":{"start":{"line":13,"column":0},"end":{"line":13,"column":13}},"6":{"start":{"line":17,"column":2},"end":{"line":17,"column":null}},"7":{"start":{"line":22,"column":7},"end":{"line":45,"column":null}},"8":{"start":{"line":23,"column":31},"end":{"line":23,"column":44}},"9":{"start":{"line":34,"column":4},"end":{"line":34,"column":39}},"10":{"start":{"line":43,"column":4},"end":{"line":43,"column":60}},"11":{"start":{"line":22,"column":13},"end":{"line":22,"column":27}},"12":{"start":{"line":33,"column":8},"end":{"line":35,"column":null}},"13":{"start":{"line":42,"column":8},"end":{"line":44,"column":null}},"14":{"start":{"line":22,"column":13},"end":{"line":45,"column":null}}},"fnMap":{"0":{"name":"(anonymous_4)","decl":{"start":{"line":23,"column":2},"end":{"line":23,"column":31}},"loc":{"start":{"line":23,"column":55},"end":{"line":23,"column":59}}},"1":{"name":"(anonymous_5)","decl":{"start":{"line":33,"column":8},"end":{"line":33,"column":13}},"loc":{"start":{"line":33,"column":35},"end":{"line":35,"column":3}}},"2":{"name":"(anonymous_6)","decl":{"start":{"line":42,"column":8},"end":{"line":42,"column":15}},"loc":{"start":{"line":42,"column":44},"end":{"line":44,"column":3}}}},"branchMap":{},"s":{"0":1,"1":1,"2":1,"3":1,"4":1,"5":1,"6":1,"7":1,"8":3,"9":1,"10":1,"11":1,"12":1,"13":1,"14":1},"f":{"0":3,"1":1,"2":1},"b":{}}
,"C:\\Users\\Anukosan\\fullstack-test-app\\backend-test-app\\src\\auth\\auth.service.ts": {"path":"C:\\Users\\Anukosan\\fullstack-test-app\\backend-test-app\\src\\auth\\auth.service.ts","statementMap":{"0":{"start":{"line":1,"column":0},"end":{"line":1,"column":null}},"1":{"start":{"line":7,"column":0},"end":{"line":7,"column":41}},"2":{"start":{"line":8,"column":0},"end":{"line":8,"column":47}},"3":{"start":{"line":9,"column":0},"end":{"line":9,"column":51}},"4":{"start":{"line":10,"column":0},"end":{"line":10,"column":37}},"5":{"start":{"line":11,"column":0},"end":{"line":11,"column":33}},"6":{"start":{"line":12,"column":0},"end":{"line":12,"column":57}},"7":{"start":{"line":16,"column":24},"end":{"line":103,"column":null}},"8":{"start":{"line":21,"column":21},"end":{"line":21,"column":42}},"9":{"start":{"line":22,"column":21},"end":{"line":22,"column":33}},"10":{"start":{"line":23,"column":21},"end":{"line":23,"column":36}},"11":{"start":{"line":17,"column":19},"end":{"line":17,"column":57}},"12":{"start":{"line":27,"column":4},"end":{"line":27,"column":31}},"13":{"start":{"line":31,"column":26},"end":{"line":33,"column":6}},"14":{"start":{"line":35,"column":4},"end":{"line":43,"column":5}},"15":{"start":{"line":36,"column":29},"end":{"line":36,"column":59}},"16":{"start":{"line":37,"column":20},"end":{"line":40,"column":8}},"17":{"start":{"line":41,"column":6},"end":{"line":41,"column":49}},"18":{"start":{"line":42,"column":6},"end":{"line":42,"column":65}},"19":{"start":{"line":47,"column":17},"end":{"line":49,"column":6}},"20":{"start":{"line":51,"column":4},"end":{"line":53,"column":5}},"21":{"start":{"line":52,"column":6},"end":{"line":52,"column":61}},"22":{"start":{"line":55,"column":28},"end":{"line":55,"column":77}},"23":{"start":{"line":56,"column":4},"end":{"line":58,"column":5}},"24":{"start":{"line":57,"column":6},"end":{"line":57,"column":61}},"25":{"start":{"line":60,"column":4},"end":{"line":60,"column":37}},"26":{"start":{"line":64,"column":4},"end":{"line":80,"column":5}},"27":{"start":{"line":65,"column":22},"end":{"line":67,"column":8}},"28":{"start":{"line":69,"column":19},"end":{"line":71,"column":8}},"29":{"start":{"line":73,"column":6},"end":{"line":75,"column":7}},"30":{"start":{"line":74,"column":8},"end":{"line":74,"column":58}},"31":{"start":{"line":77,"column":6},"end":{"line":77,"column":39}},"32":{"start":{"line":79,"column":6},"end":{"line":79,"column":74}},"33":{"start":{"line":84,"column":32},"end":{"line":87,"column":6}},"34":{"start":{"line":89,"column":22},"end":{"line":89,"column":76}},"35":{"start":{"line":91,"column":24},"end":{"line":94,"column":6}},"36":{"start":{"line":96,"column":25},"end":{"line":99,"column":6}},"37":{"start":{"line":101,"column":4},"end":{"line":101,"column":52}},"38":{"start":{"line":16,"column":13},"end":{"line":16,"column":24}},"39":{"start":{"line":16,"column":13},"end":{"line":103,"column":null}}},"fnMap":{"0":{"name":"(anonymous_4)","decl":{"start":{"line":19,"column":2},"end":{"line":19,"column":null}},"loc":{"start":{"line":23,"column":49},"end":{"line":24,"column":6}}},"1":{"name":"(anonymous_5)","decl":{"start":{"line":26,"column":2},"end":{"line":26,"column":7}},"loc":{"start":{"line":26,"column":20},"end":{"line":28,"column":3}}},"2":{"name":"(anonymous_6)","decl":{"start":{"line":30,"column":10},"end":{"line":30,"column":15}},"loc":{"start":{"line":30,"column":29},"end":{"line":44,"column":3}}},"3":{"name":"(anonymous_7)","decl":{"start":{"line":46,"column":2},"end":{"line":46,"column":7}},"loc":{"start":{"line":46,"column":27},"end":{"line":61,"column":3}}},"4":{"name":"(anonymous_8)","decl":{"start":{"line":63,"column":2},"end":{"line":63,"column":7}},"loc":{"start":{"line":63,"column":42},"end":{"line":81,"column":3}}},"5":{"name":"(anonymous_9)","decl":{"start":{"line":83,"column":10},"end":{"line":83,"column":24}},"loc":{"start":{"line":83,"column":40},"end":{"line":102,"column":3}}}},"branchMap":{"0":{"loc":{"start":{"line":35,"column":4},"end":{"line":43,"column":5}},"type":"if","locations":[{"start":{"line":35,"column":4},"end":{"line":43,"column":5}},{"start":{},"end":{}}]},"1":{"loc":{"start":{"line":51,"column":4},"end":{"line":53,"column":5}},"type":"if","locations":[{"start":{"line":51,"column":4},"end":{"line":53,"column":5}},{"start":{},"end":{}}]},"2":{"loc":{"start":{"line":56,"column":4},"end":{"line":58,"column":5}},"type":"if","locations":[{"start":{"line":56,"column":4},"end":{"line":58,"column":5}},{"start":{},"end":{}}]},"3":{"loc":{"start":{"line":73,"column":6},"end":{"line":75,"column":7}},"type":"if","locations":[{"start":{"line":73,"column":6},"end":{"line":75,"column":7}},{"start":{},"end":{}}]}},"s":{"0":2,"1":2,"2":2,"3":2,"4":2,"5":2,"6":2,"7":2,"8":9,"9":9,"10":9,"11":9,"12":2,"13":2,"14":2,"15":1,"16":1,"17":1,"18":1,"19":3,"20":3,"21":1,"22":2,"23":2,"24":1,"25":1,"26":3,"27":3,"28":2,"29":2,"30":1,"31":1,"32":2,"33":2,"34":2,"35":2,"36":2,"37":2,"38":2,"39":2},"f":{"0":9,"1":2,"2":2,"3":3,"4":3,"5":2},"b":{"0":[1,1],"1":[1,2],"2":[1,1],"3":[1,1]}}
,"C:\\Users\\Anukosan\\fullstack-test-app\\backend-test-app\\src\\users\\users.controller.ts": {"path":"C:\\Users\\Anukosan\\fullstack-test-app\\backend-test-app\\src\\users\\users.controller.ts","statementMap":{"0":{"start":{"line":1,"column":0},"end":{"line":1,"column":null}},"1":{"start":{"line":15,"column":0},"end":{"line":15,"column":null}},"2":{"start":{"line":22,"column":0},"end":{"line":22,"column":47}},"3":{"start":{"line":23,"column":0},"end":{"line":23,"column":80}},"4":{"start":{"line":24,"column":0},"end":{"line":24,"column":61}},"5":{"start":{"line":25,"column":0},"end":{"line":25,"column":46}},"6":{"start":{"line":31,"column":7},"end":{"line":89,"column":null}},"7":{"start":{"line":32,"column":31},"end":{"line":32,"column":45}},"8":{"start":{"line":41,"column":4},"end":{"line":41,"column":44}},"9":{"start":{"line":51,"column":4},"end":{"line":51,"column":41}},"10":{"start":{"line":62,"column":4},"end":{"line":62,"column":41}},"11":{"start":{"line":76,"column":4},"end":{"line":76,"column":45}},"12":{"start":{"line":87,"column":4},"end":{"line":87,"column":40}},"13":{"start":{"line":31,"column":13},"end":{"line":31,"column":28}},"14":{"start":{"line":40,"column":2},"end":{"line":42,"column":null}},"15":{"start":{"line":50,"column":2},"end":{"line":52,"column":null}},"16":{"start":{"line":61,"column":2},"end":{"line":63,"column":null}},"17":{"start":{"line":72,"column":2},"end":{"line":77,"column":null}},"18":{"start":{"line":86,"column":2},"end":{"line":88,"column":null}},"19":{"start":{"line":31,"column":13},"end":{"line":89,"column":null}}},"fnMap":{"0":{"name":"(anonymous_4)","decl":{"start":{"line":32,"column":2},"end":{"line":32,"column":31}},"loc":{"start":{"line":32,"column":57},"end":{"line":32,"column":61}}},"1":{"name":"(anonymous_5)","decl":{"start":{"line":40,"column":2},"end":{"line":40,"column":9}},"loc":{"start":{"line":40,"column":42},"end":{"line":42,"column":3}}},"2":{"name":"(anonymous_6)","decl":{"start":{"line":50,"column":2},"end":{"line":50,"column":9}},"loc":{"start":{"line":50,"column":47},"end":{"line":52,"column":3}}},"3":{"name":"(anonymous_7)","decl":{"start":{"line":61,"column":2},"end":{"line":61,"column":8}},"loc":{"start":{"line":61,"column":35},"end":{"line":63,"column":3}}},"4":{"name":"(anonymous_8)","decl":{"start":{"line":72,"column":2},"end":{"line":72,"column":8}},"loc":{"start":{"line":74,"column":30},"end":{"line":77,"column":3}}},"5":{"name":"(anonymous_9)","decl":{"start":{"line":86,"column":2},"end":{"line":86,"column":8}},"loc":{"start":{"line":86,"column":46},"end":{"line":88,"column":3}}}},"branchMap":{},"s":{"0":1,"1":1,"2":1,"3":1,"4":1,"5":1,"6":1,"7":6,"8":1,"9":1,"10":1,"11":1,"12":1,"13":1,"14":1,"15":1,"16":1,"17":1,"18":1,"19":1},"f":{"0":6,"1":1,"2":1,"3":1,"4":1,"5":1},"b":{}}
,"C:\\Users\\Anukosan\\fullstack-test-app\\backend-test-app\\src\\users\\users.service.ts": {"path":"C:\\Users\\Anukosan\\fullstack-test-app\\backend-test-app\\src\\users\\users.service.ts","statementMap":{"0":{"start":{"line":1,"column":0},"end":{"line":1,"column":null}},"1":{"start":{"line":7,"column":0},"end":{"line":7,"column":51}},"2":{"start":{"line":8,"column":0},"end":{"line":8,"column":37}},"3":{"start":{"line":9,"column":0},"end":{"line":9,"column":46}},"4":{"start":{"line":18,"column":25},"end":{"line":99,"column":null}},"5":{"start":{"line":23,"column":21},"end":{"line":23,"column":37}},"6":{"start":{"line":19,"column":19},"end":{"line":19,"column":58}},"7":{"start":{"line":27,"column":75},"end":{"line":27,"column":80}},"8":{"start":{"line":28,"column":17},"end":{"line":28,"column":35}},"9":{"start":{"line":30,"column":15},"end":{"line":30,"column":61}},"10":{"start":{"line":32,"column":4},"end":{"line":34,"column":5}},"11":{"start":{"line":33,"column":6},"end":{"line":33,"column":82}},"12":{"start":{"line":36,"column":4},"end":{"line":36,"column":54}},"13":{"start":{"line":37,"column":4},"end":{"line":37,"column":30}},"14":{"start":{"line":39,"column":26},"end":{"line":39,"column":52}},"15":{"start":{"line":41,"column":4},"end":{"line":49,"column":6}},"16":{"start":{"line":53,"column":17},"end":{"line":53,"column":69}},"17":{"start":{"line":54,"column":4},"end":{"line":56,"column":5}},"18":{"start":{"line":55,"column":6},"end":{"line":55,"column":66}},"19":{"start":{"line":57,"column":4},"end":{"line":57,"column":16}},"20":{"start":{"line":61,"column":21},"end":{"line":63,"column":6}},"21":{"start":{"line":64,"column":4},"end":{"line":66,"column":5}},"22":{"start":{"line":65,"column":6},"end":{"line":65,"column":83}},"23":{"start":{"line":68,"column":17},"end":{"line":68,"column":59}},"24":{"start":{"line":70,"column":17},"end":{"line":70,"column":61}},"25":{"start":{"line":71,"column":4},"end":{"line":71,"column":42}},"26":{"start":{"line":75,"column":17},"end":{"line":75,"column":39}},"27":{"start":{"line":77,"column":4},"end":{"line":84,"column":5}},"28":{"start":{"line":78,"column":23},"end":{"line":80,"column":8}},"29":{"start":{"line":81,"column":6},"end":{"line":83,"column":7}},"30":{"start":{"line":82,"column":8},"end":{"line":82,"column":85}},"31":{"start":{"line":86,"column":4},"end":{"line":88,"column":5}},"32":{"start":{"line":87,"column":6},"end":{"line":87,"column":34}},"33":{"start":{"line":90,"column":4},"end":{"line":90,"column":29}},"34":{"start":{"line":91,"column":4},"end":{"line":91,"column":42}},"35":{"start":{"line":95,"column":17},"end":{"line":95,"column":39}},"36":{"start":{"line":96,"column":4},"end":{"line":96,"column":43}},"37":{"start":{"line":97,"column":4},"end":{"line":97,"column":42}},"38":{"start":{"line":18,"column":13},"end":{"line":18,"column":25}},"39":{"start":{"line":18,"column":13},"end":{"line":99,"column":null}}},"fnMap":{"0":{"name":"(anonymous_4)","decl":{"start":{"line":21,"column":2},"end":{"line":21,"column":null}},"loc":{"start":{"line":23,"column":53},"end":{"line":24,"column":6}}},"1":{"name":"(anonymous_5)","decl":{"start":{"line":26,"column":2},"end":{"line":26,"column":7}},"loc":{"start":{"line":26,"column":39},"end":{"line":50,"column":3}}},"2":{"name":"(anonymous_6)","decl":{"start":{"line":52,"column":2},"end":{"line":52,"column":7}},"loc":{"start":{"line":52,"column":26},"end":{"line":58,"column":3}}},"3":{"name":"(anonymous_7)","decl":{"start":{"line":60,"column":2},"end":{"line":60,"column":7}},"loc":{"start":{"line":60,"column":33},"end":{"line":72,"column":3}}},"4":{"name":"(anonymous_8)","decl":{"start":{"line":74,"column":2},"end":{"line":74,"column":7}},"loc":{"start":{"line":74,"column":45},"end":{"line":92,"column":3}}},"5":{"name":"(anonymous_9)","decl":{"start":{"line":94,"column":2},"end":{"line":94,"column":7}},"loc":{"start":{"line":94,"column":25},"end":{"line":98,"column":3}}}},"branchMap":{"0":{"loc":{"start":{"line":27,"column":20},"end":{"line":27,"column":28}},"type":"default-arg","locations":[{"start":{"line":27,"column":27},"end":{"line":27,"column":28}}]},"1":{"loc":{"start":{"line":27,"column":30},"end":{"line":27,"column":40}},"type":"default-arg","locations":[{"start":{"line":27,"column":38},"end":{"line":27,"column":40}}]},"2":{"loc":{"start":{"line":27,"column":42},"end":{"line":27,"column":55}},"type":"default-arg","locations":[{"start":{"line":27,"column":51},"end":{"line":27,"column":55}}]},"3":{"loc":{"start":{"line":27,"column":57},"end":{"line":27,"column":70}},"type":"default-arg","locations":[{"start":{"line":27,"column":65},"end":{"line":27,"column":70}}]},"4":{"loc":{"start":{"line":32,"column":4},"end":{"line":34,"column":5}},"type":"if","locations":[{"start":{"line":32,"column":4},"end":{"line":34,"column":5}},{"start":{},"end":{}}]},"5":{"loc":{"start":{"line":54,"column":4},"end":{"line":56,"column":5}},"type":"if","locations":[{"start":{"line":54,"column":4},"end":{"line":56,"column":5}},{"start":{},"end":{}}]},"6":{"loc":{"start":{"line":64,"column":4},"end":{"line":66,"column":5}},"type":"if","locations":[{"start":{"line":64,"column":4},"end":{"line":66,"column":5}},{"start":{},"end":{}}]},"7":{"loc":{"start":{"line":68,"column":17},"end":{"line":68,"column":59}},"type":"binary-expr","locations":[{"start":{"line":68,"column":17},"end":{"line":68,"column":25}},{"start":{"line":68,"column":29},"end":{"line":68,"column":46}},{"start":{"line":68,"column":50},"end":{"line":68,"column":59}}]},"8":{"loc":{"start":{"line":77,"column":4},"end":{"line":84,"column":5}},"type":"if","locations":[{"start":{"line":77,"column":4},"end":{"line":84,"column":5}},{"start":{},"end":{}}]},"9":{"loc":{"start":{"line":77,"column":8},"end":{"line":77,"column":45}},"type":"binary-expr","locations":[{"start":{"line":77,"column":8},"end":{"line":77,"column":17}},{"start":{"line":77,"column":21},"end":{"line":77,"column":45}}]},"10":{"loc":{"start":{"line":81,"column":6},"end":{"line":83,"column":7}},"type":"if","locations":[{"start":{"line":81,"column":6},"end":{"line":83,"column":7}},{"start":{},"end":{}}]},"11":{"loc":{"start":{"line":86,"column":4},"end":{"line":88,"column":5}},"type":"if","locations":[{"start":{"line":86,"column":4},"end":{"line":88,"column":5}},{"start":{},"end":{}}]},"12":{"loc":{"start":{"line":86,"column":8},"end":{"line":86,"column":38}},"type":"binary-expr","locations":[{"start":{"line":86,"column":8},"end":{"line":86,"column":25}},{"start":{"line":86,"column":29},"end":{"line":86,"column":38}}]}},"s":{"0":2,"1":2,"2":2,"3":2,"4":2,"5":16,"6":16,"7":3,"8":3,"9":3,"10":3,"11":1,"12":3,"13":3,"14":3,"15":3,"16":8,"17":8,"18":3,"19":5,"20":4,"21":4,"22":1,"23":3,"24":3,"25":3,"26":4,"27":3,"28":1,"29":1,"30":1,"31":2,"32":1,"33":2,"34":2,"35":2,"36":1,"37":1,"38":2,"39":2},"f":{"0":16,"1":3,"2":8,"3":4,"4":4,"5":2},"b":{"0":[1],"1":[1],"2":[1],"3":[1],"4":[1,2],"5":[3,5],"6":[1,3],"7":[3,2,2],"8":[1,2],"9":[3,1],"10":[1,0],"11":[1,1],"12":[2,1]}}
}
