TN:
SF:src\auth\auth.controller.ts
FN:23,(anonymous_4)
FN:33,(anonymous_5)
FN:42,(anonymous_6)
FNF:3
FNH:3
FNDA:3,(anonymous_4)
FNDA:1,(anonymous_5)
FNDA:1,(anonymous_6)
DA:1,1
DA:8,1
DA:9,1
DA:10,1
DA:11,1
DA:13,1
DA:17,1
DA:22,1
DA:23,3
DA:33,1
DA:34,1
DA:42,1
DA:43,1
LF:13
LH:13
BRF:0
BRH:0
end_of_record
TN:
SF:src\auth\auth.service.ts
FN:19,(anonymous_4)
FN:26,(anonymous_5)
FN:30,(anonymous_6)
FN:46,(anonymous_7)
FN:63,(anonymous_8)
FN:83,(anonymous_9)
FNF:6
FNH:6
FNDA:9,(anonymous_4)
FNDA:2,(anonymous_5)
FNDA:2,(anonymous_6)
FNDA:3,(anonymous_7)
FNDA:3,(anonymous_8)
FNDA:2,(anonymous_9)
DA:1,2
DA:7,2
DA:8,2
DA:9,2
DA:10,2
DA:11,2
DA:12,2
DA:16,2
DA:17,9
DA:21,9
DA:22,9
DA:23,9
DA:27,2
DA:31,2
DA:35,2
DA:36,1
DA:37,1
DA:41,1
DA:42,1
DA:47,3
DA:51,3
DA:52,1
DA:55,2
DA:56,2
DA:57,1
DA:60,1
DA:64,3
DA:65,3
DA:69,2
DA:73,2
DA:74,1
DA:77,1
DA:79,2
DA:84,2
DA:89,2
DA:91,2
DA:96,2
DA:101,2
LF:38
LH:38
BRDA:35,0,0,1
BRDA:35,0,1,1
BRDA:51,1,0,1
BRDA:51,1,1,2
BRDA:56,2,0,1
BRDA:56,2,1,1
BRDA:73,3,0,1
BRDA:73,3,1,1
BRF:8
BRH:8
end_of_record
TN:
SF:src\users\users.controller.ts
FN:32,(anonymous_4)
FN:40,(anonymous_5)
FN:50,(anonymous_6)
FN:61,(anonymous_7)
FN:72,(anonymous_8)
FN:86,(anonymous_9)
FNF:6
FNH:6
FNDA:6,(anonymous_4)
FNDA:1,(anonymous_5)
FNDA:1,(anonymous_6)
FNDA:1,(anonymous_7)
FNDA:1,(anonymous_8)
FNDA:1,(anonymous_9)
DA:1,1
DA:15,1
DA:22,1
DA:23,1
DA:24,1
DA:25,1
DA:31,1
DA:32,6
DA:40,1
DA:41,1
DA:50,1
DA:51,1
DA:61,1
DA:62,1
DA:72,1
DA:76,1
DA:86,1
DA:87,1
LF:18
LH:18
BRF:0
BRH:0
end_of_record
TN:
SF:src\users\users.service.ts
FN:21,(anonymous_4)
FN:26,(anonymous_5)
FN:52,(anonymous_6)
FN:60,(anonymous_7)
FN:74,(anonymous_8)
FN:94,(anonymous_9)
FNF:6
FNH:6
FNDA:16,(anonymous_4)
FNDA:3,(anonymous_5)
FNDA:8,(anonymous_6)
FNDA:4,(anonymous_7)
FNDA:4,(anonymous_8)
FNDA:2,(anonymous_9)
DA:1,2
DA:7,2
DA:8,2
DA:9,2
DA:18,2
DA:19,16
DA:23,16
DA:27,3
DA:28,3
DA:30,3
DA:32,3
DA:33,1
DA:36,3
DA:37,3
DA:39,3
DA:41,3
DA:53,8
DA:54,8
DA:55,3
DA:57,5
DA:61,4
DA:64,4
DA:65,1
DA:68,3
DA:70,3
DA:71,3
DA:75,4
DA:77,3
DA:78,1
DA:81,1
DA:82,1
DA:86,2
DA:87,1
DA:90,2
DA:91,2
DA:95,2
DA:96,1
DA:97,1
LF:38
LH:38
BRDA:27,0,0,1
BRDA:27,1,0,1
BRDA:27,2,0,1
BRDA:27,3,0,1
BRDA:32,4,0,1
BRDA:32,4,1,2
BRDA:54,5,0,3
BRDA:54,5,1,5
BRDA:64,6,0,1
BRDA:64,6,1,3
BRDA:68,7,0,3
BRDA:68,7,1,2
BRDA:68,7,2,2
BRDA:77,8,0,1
BRDA:77,8,1,2
BRDA:77,9,0,3
BRDA:77,9,1,1
BRDA:81,10,0,1
BRDA:81,10,1,0
BRDA:86,11,0,1
BRDA:86,11,1,1
BRDA:86,12,0,2
BRDA:86,12,1,1
BRF:23
BRH:22
end_of_record
